[debug] [2023-06-24T00:43:57.665Z] ----------------------------------------------------------------------
[debug] [2023-06-24T00:43:57.666Z] Command:       /usr/local/bin/node /usr/local/bin/firebase deploy --only functions
[debug] [2023-06-24T00:43:57.666Z] CLI Version:   12.4.0
[debug] [2023-06-24T00:43:57.666Z] Platform:      darwin
[debug] [2023-06-24T00:43:57.667Z] Node Version:  v18.16.0
[debug] [2023-06-24T00:43:57.667Z] Time:          Fri Jun 23 2023 19:43:57 GMT-0500 (Central Daylight Time)
[debug] [2023-06-24T00:43:57.667Z] ----------------------------------------------------------------------
[debug] 
[debug] [2023-06-24T00:43:57.696Z] > command requires scopes: ["email","openid","https://www.googleapis.com/auth/cloudplatformprojects.readonly","https://www.googleapis.com/auth/firebase","https://www.googleapis.com/auth/cloud-platform"]
[debug] [2023-06-24T00:43:57.697Z] > authorizing via signed-in user (cewidiupleek@gmail.com)
[debug] [2023-06-24T00:43:57.697Z] [iam] checking project fervo-1 for permissions ["cloudfunctions.functions.create","cloudfunctions.functions.delete","cloudfunctions.functions.get","cloudfunctions.functions.list","cloudfunctions.functions.update","cloudfunctions.operations.get","firebase.projects.get"]
[debug] [2023-06-24T00:43:57.697Z] > refreshing access token with scopes: []
[debug] [2023-06-24T00:43:57.698Z] >>> [apiv2][query] POST https://www.googleapis.com/oauth2/v3/token [none]
[debug] [2023-06-24T00:43:57.698Z] >>> [apiv2][body] POST https://www.googleapis.com/oauth2/v3/token [omitted]
[debug] [2023-06-24T00:43:57.899Z] <<< [apiv2][status] POST https://www.googleapis.com/oauth2/v3/token 200
[debug] [2023-06-24T00:43:57.899Z] <<< [apiv2][body] POST https://www.googleapis.com/oauth2/v3/token [omitted]
[debug] [2023-06-24T00:43:57.912Z] >>> [apiv2][query] POST https://cloudresourcemanager.googleapis.com/v1/projects/fervo-1:testIamPermissions [none]
[debug] [2023-06-24T00:43:57.912Z] >>> [apiv2][(partial)header] POST https://cloudresourcemanager.googleapis.com/v1/projects/fervo-1:testIamPermissions x-goog-quota-user=projects/fervo-1
[debug] [2023-06-24T00:43:57.912Z] >>> [apiv2][body] POST https://cloudresourcemanager.googleapis.com/v1/projects/fervo-1:testIamPermissions {"permissions":["cloudfunctions.functions.create","cloudfunctions.functions.delete","cloudfunctions.functions.get","cloudfunctions.functions.list","cloudfunctions.functions.update","cloudfunctions.operations.get","firebase.projects.get"]}
[debug] [2023-06-24T00:43:58.141Z] <<< [apiv2][status] POST https://cloudresourcemanager.googleapis.com/v1/projects/fervo-1:testIamPermissions 200
[debug] [2023-06-24T00:43:58.141Z] <<< [apiv2][body] POST https://cloudresourcemanager.googleapis.com/v1/projects/fervo-1:testIamPermissions {"permissions":["cloudfunctions.functions.create","cloudfunctions.functions.delete","cloudfunctions.functions.get","cloudfunctions.functions.list","cloudfunctions.functions.update","cloudfunctions.operations.get","firebase.projects.get"]}
[debug] [2023-06-24T00:43:58.142Z] >>> [apiv2][query] POST https://iam.googleapis.com/v1/projects/fervo-1/serviceAccounts/fervo-1@appspot.gserviceaccount.com:testIamPermissions [none]
[debug] [2023-06-24T00:43:58.142Z] >>> [apiv2][body] POST https://iam.googleapis.com/v1/projects/fervo-1/serviceAccounts/fervo-1@appspot.gserviceaccount.com:testIamPermissions {"permissions":["iam.serviceAccounts.actAs"]}
[debug] [2023-06-24T00:43:58.336Z] <<< [apiv2][status] POST https://iam.googleapis.com/v1/projects/fervo-1/serviceAccounts/fervo-1@appspot.gserviceaccount.com:testIamPermissions 200
[debug] [2023-06-24T00:43:58.337Z] <<< [apiv2][body] POST https://iam.googleapis.com/v1/projects/fervo-1/serviceAccounts/fervo-1@appspot.gserviceaccount.com:testIamPermissions {"permissions":["iam.serviceAccounts.actAs"]}
[info] 
[info] === Deploying to 'fervo-1'...
[info] 
[info] i  deploying functions 
[info] Running command: npm --prefix "$RESOURCE_DIR" run lint
[info] ✔  functions: Finished running predeploy script. 
[debug] [2023-06-24T00:43:58.948Z] >>> [apiv2][query] GET https://firebase.googleapis.com/v1beta1/projects/fervo-1 [none]
[debug] [2023-06-24T00:43:59.191Z] <<< [apiv2][status] GET https://firebase.googleapis.com/v1beta1/projects/fervo-1 200
[debug] [2023-06-24T00:43:59.192Z] <<< [apiv2][body] GET https://firebase.googleapis.com/v1beta1/projects/fervo-1 {"projectId":"fervo-1","projectNumber":"339175420075","displayName":"fervo","name":"projects/fervo-1","resources":{"hostingSite":"fervo-1","storageBucket":"fervo-1.appspot.com","locationId":"us-central"},"state":"ACTIVE","etag":"1_27b40028-ecfc-47d9-b203-f0eb5a25a81f"}
[info] i  functions: preparing codebase default for deployment 
[info] i  functions: ensuring required API cloudfunctions.googleapis.com is enabled... 
[info] i  functions: ensuring required API cloudbuild.googleapis.com is enabled... 
[info] i  artifactregistry: ensuring required API artifactregistry.googleapis.com is enabled... 
[debug] [2023-06-24T00:43:59.194Z] >>> [apiv2][query] GET https://serviceusage.googleapis.com/v1/projects/fervo-1/services/cloudfunctions.googleapis.com [none]
[debug] [2023-06-24T00:43:59.194Z] >>> [apiv2][(partial)header] GET https://serviceusage.googleapis.com/v1/projects/fervo-1/services/cloudfunctions.googleapis.com x-goog-quota-user=projects/fervo-1
[debug] [2023-06-24T00:43:59.195Z] >>> [apiv2][query] GET https://serviceusage.googleapis.com/v1/projects/fervo-1/services/runtimeconfig.googleapis.com [none]
[debug] [2023-06-24T00:43:59.195Z] >>> [apiv2][(partial)header] GET https://serviceusage.googleapis.com/v1/projects/fervo-1/services/runtimeconfig.googleapis.com x-goog-quota-user=projects/fervo-1
[debug] [2023-06-24T00:43:59.196Z] >>> [apiv2][query] GET https://serviceusage.googleapis.com/v1/projects/fervo-1/services/cloudbuild.googleapis.com [none]
[debug] [2023-06-24T00:43:59.196Z] >>> [apiv2][(partial)header] GET https://serviceusage.googleapis.com/v1/projects/fervo-1/services/cloudbuild.googleapis.com x-goog-quota-user=projects/fervo-1
[debug] [2023-06-24T00:43:59.197Z] >>> [apiv2][query] GET https://serviceusage.googleapis.com/v1/projects/fervo-1/services/artifactregistry.googleapis.com [none]
[debug] [2023-06-24T00:43:59.197Z] >>> [apiv2][(partial)header] GET https://serviceusage.googleapis.com/v1/projects/fervo-1/services/artifactregistry.googleapis.com x-goog-quota-user=projects/fervo-1
[debug] [2023-06-24T00:43:59.559Z] <<< [apiv2][status] GET https://serviceusage.googleapis.com/v1/projects/fervo-1/services/artifactregistry.googleapis.com 200
[debug] [2023-06-24T00:43:59.560Z] <<< [apiv2][body] GET https://serviceusage.googleapis.com/v1/projects/fervo-1/services/artifactregistry.googleapis.com [omitted]
[info] ✔  artifactregistry: required API artifactregistry.googleapis.com is enabled 
[debug] [2023-06-24T00:43:59.562Z] <<< [apiv2][status] GET https://serviceusage.googleapis.com/v1/projects/fervo-1/services/cloudfunctions.googleapis.com 200
[debug] [2023-06-24T00:43:59.562Z] <<< [apiv2][body] GET https://serviceusage.googleapis.com/v1/projects/fervo-1/services/cloudfunctions.googleapis.com [omitted]
[info] ✔  functions: required API cloudfunctions.googleapis.com is enabled 
[debug] [2023-06-24T00:43:59.563Z] <<< [apiv2][status] GET https://serviceusage.googleapis.com/v1/projects/fervo-1/services/runtimeconfig.googleapis.com 200
[debug] [2023-06-24T00:43:59.563Z] <<< [apiv2][body] GET https://serviceusage.googleapis.com/v1/projects/fervo-1/services/runtimeconfig.googleapis.com [omitted]
[debug] [2023-06-24T00:43:59.564Z] <<< [apiv2][status] GET https://serviceusage.googleapis.com/v1/projects/fervo-1/services/cloudbuild.googleapis.com 200
[debug] [2023-06-24T00:43:59.564Z] <<< [apiv2][body] GET https://serviceusage.googleapis.com/v1/projects/fervo-1/services/cloudbuild.googleapis.com [omitted]
[info] ✔  functions: required API cloudbuild.googleapis.com is enabled 
[debug] [2023-06-24T00:43:59.565Z] >>> [apiv2][query] GET https://firebase.googleapis.com/v1beta1/projects/fervo-1/adminSdkConfig [none]
[debug] [2023-06-24T00:43:59.706Z] <<< [apiv2][status] GET https://firebase.googleapis.com/v1beta1/projects/fervo-1/adminSdkConfig 200
[debug] [2023-06-24T00:43:59.707Z] <<< [apiv2][body] GET https://firebase.googleapis.com/v1beta1/projects/fervo-1/adminSdkConfig {"projectId":"fervo-1","storageBucket":"fervo-1.appspot.com","locationId":"us-central"}
[debug] [2023-06-24T00:43:59.707Z] >>> [apiv2][query] GET https://runtimeconfig.googleapis.com/v1beta1/projects/fervo-1/configs [none]
[debug] [2023-06-24T00:43:59.948Z] <<< [apiv2][status] GET https://runtimeconfig.googleapis.com/v1beta1/projects/fervo-1/configs 200
[debug] [2023-06-24T00:43:59.948Z] <<< [apiv2][body] GET https://runtimeconfig.googleapis.com/v1beta1/projects/fervo-1/configs {"configs":[{"name":"projects/fervo-1/configs/scheduler"}]}
[debug] [2023-06-24T00:43:59.949Z] >>> [apiv2][query] GET https://runtimeconfig.googleapis.com/v1beta1/projects/fervo-1/configs/scheduler/variables [none]
[debug] [2023-06-24T00:44:00.101Z] <<< [apiv2][status] GET https://runtimeconfig.googleapis.com/v1beta1/projects/fervo-1/configs/scheduler/variables 200
[debug] [2023-06-24T00:44:00.101Z] <<< [apiv2][body] GET https://runtimeconfig.googleapis.com/v1beta1/projects/fervo-1/configs/scheduler/variables {"variables":[{"name":"projects/fervo-1/configs/scheduler/variables/key","updateTime":"2023-06-22T17:06:54.777067236Z"}]}
[debug] [2023-06-24T00:44:00.103Z] >>> [apiv2][query] GET https://runtimeconfig.googleapis.com/v1beta1/projects/fervo-1/configs/scheduler/variables/key [none]
[debug] [2023-06-24T00:44:00.441Z] <<< [apiv2][status] GET https://runtimeconfig.googleapis.com/v1beta1/projects/fervo-1/configs/scheduler/variables/key 200
[debug] [2023-06-24T00:44:00.441Z] <<< [apiv2][body] GET https://runtimeconfig.googleapis.com/v1beta1/projects/fervo-1/configs/scheduler/variables/key {"name":"projects/fervo-1/configs/scheduler/variables/key","updateTime":"2023-06-22T17:06:54.777067236Z","text":"R56GZ634J43Z1THMDNSVRO5TQGL50HBX\n"}
[debug] [2023-06-24T00:44:00.444Z] Validating nodejs source
[debug] [2023-06-24T00:44:00.827Z] > [functions] package.json contents: {
  "name": "functions",
  "description": "Cloud Functions for Firebase",
  "scripts": {
    "lint": "eslint .",
    "serve": "firebase emulators:start --only functions",
    "shell": "firebase functions:shell",
    "start": "npm run shell",
    "deploy": "firebase deploy --only functions",
    "logs": "firebase functions:log",
    "test": "jest"
  },
  "engines": {
    "node": "18"
  },
  "main": "index.js",
  "dependencies": {
    "firebase-admin": "^11.9.0",
    "firebase-functions": "^4.4.1",
    "jest": "^29.5.0",
    "moment": "^2.29.4",
    "moment-timezone": "^0.5.43",
    "stripe": "^12.9.0"
  },
  "devDependencies": {
    "@types/jest": "^29.5.2",
    "eslint": "^8.15.0",
    "eslint-config-google": "^0.14.0",
    "firebase-functions-test": "^3.1.0"
  },
  "private": true
}
[debug] [2023-06-24T00:44:00.827Z] Building nodejs source
[debug] [2023-06-24T00:44:00.828Z] Could not find functions.yaml. Must use http discovery
[debug] [2023-06-24T00:44:00.833Z] Found firebase-functions binary at '/Users/chris/Documents/GitHub/fervo-mobile/functions/node_modules/.bin/firebase-functions'
[debug] [2023-06-24T00:44:00.932Z] Serving at port 8262

[debug] [2023-06-24T00:44:01.161Z] Got response from /__/functions.yaml {"endpoints":{"runDailyUpdate":{"availableMemoryMb":null,"timeoutSeconds":null,"minInstances":null,"maxInstances":null,"ingressSettings":null,"concurrency":null,"serviceAccountEmail":null,"vpc":null,"platform":"gcfv2","labels":{},"httpsTrigger":{},"entryPoint":"runDailyUpdate"}},"specVersion":"v1alpha1","requiredAPIs":[]}
[debug] [2023-06-24T00:44:01.165Z] shutdown requested via /__/quitquitquit

[info] i  functions: preparing functions directory for uploading... 
[info] i  functions: packaged /Users/chris/Documents/GitHub/fervo-mobile/functions (73.29 KB) for uploading 
[debug] [2023-06-24T00:44:01.185Z] >>> [apiv2][query] GET https://cloudfunctions.googleapis.com/v1/projects/fervo-1/locations/-/functions [none]
[debug] [2023-06-24T00:44:02.430Z] <<< [apiv2][status] GET https://cloudfunctions.googleapis.com/v1/projects/fervo-1/locations/-/functions 200
[debug] [2023-06-24T00:44:02.430Z] <<< [apiv2][body] GET https://cloudfunctions.googleapis.com/v1/projects/fervo-1/locations/-/functions {}
[debug] [2023-06-24T00:44:02.430Z] >>> [apiv2][query] GET https://cloudfunctions.googleapis.com/v2/projects/fervo-1/locations/-/functions filter=environment%3D%22GEN_2%22
[debug] [2023-06-24T00:44:02.837Z] <<< [apiv2][status] GET https://cloudfunctions.googleapis.com/v2/projects/fervo-1/locations/-/functions 200
[debug] [2023-06-24T00:44:02.837Z] <<< [apiv2][body] GET https://cloudfunctions.googleapis.com/v2/projects/fervo-1/locations/-/functions {"functions":[{"name":"projects/fervo-1/locations/us-central1/functions/runDailyUpdate","buildConfig":{"build":"projects/339175420075/locations/us-central1/builds/d9454bd1-a750-4fca-b4d9-349c362c46c7","runtime":"nodejs18","entryPoint":"runDailyUpdate","source":{"storageSource":{"bucket":"gcf-v2-sources-339175420075-us-central1","object":"runDailyUpdate/function-source.zip"}},"environmentVariables":{"GOOGLE_NODE_RUN_SCRIPTS":""},"sourceProvenance":{"resolvedStorageSource":{"bucket":"gcf-v2-sources-339175420075-us-central1","object":"runDailyUpdate/function-source.zip","generation":"1687454414487688"}}},"serviceConfig":{"service":"projects/fervo-1/locations/us-central1/services/rundailyupdate","timeoutSeconds":60,"environmentVariables":{"FIREBASE_CONFIG":"{\"projectId\":\"fervo-1\",\"storageBucket\":\"fervo-1.appspot.com\",\"locationId\":\"us-central\"}","GCLOUD_PROJECT":"fervo-1","EVENTARC_CLOUD_EVENT_SOURCE":"projects/fervo-1/locations/us-central1/services/runDailyUpdate"},"maxInstanceCount":100,"ingressSettings":"ALLOW_ALL","uri":"https://rundailyupdate-hablytbvxa-uc.a.run.app","serviceAccountEmail":"339175420075-compute@developer.gserviceaccount.com","availableMemory":"256Mi","allTrafficOnLatestRevision":true,"revision":"rundailyupdate-00007-qes","maxInstanceRequestConcurrency":80,"availableCpu":"1"},"state":"ACTIVE","updateTime":"2023-06-24T00:38:36.675855988Z","labels":{"deployment-tool":"cli-firebase","firebase-functions-hash":"f42b06dbcb77a98357e8ad18cdc6585a6edf604e"},"environment":"GEN_2","url":"https://us-central1-fervo-1.cloudfunctions.net/runDailyUpdate"}]}
[info] i  functions: ensuring required API run.googleapis.com is enabled... 
[info] i  functions: ensuring required API eventarc.googleapis.com is enabled... 
[info] i  functions: ensuring required API pubsub.googleapis.com is enabled... 
[info] i  functions: ensuring required API storage.googleapis.com is enabled... 
[debug] [2023-06-24T00:44:02.842Z] >>> [apiv2][query] GET https://serviceusage.googleapis.com/v1/projects/fervo-1/services/run.googleapis.com [none]
[debug] [2023-06-24T00:44:02.842Z] >>> [apiv2][(partial)header] GET https://serviceusage.googleapis.com/v1/projects/fervo-1/services/run.googleapis.com x-goog-quota-user=projects/fervo-1
[debug] [2023-06-24T00:44:02.844Z] >>> [apiv2][query] GET https://serviceusage.googleapis.com/v1/projects/fervo-1/services/eventarc.googleapis.com [none]
[debug] [2023-06-24T00:44:02.844Z] >>> [apiv2][(partial)header] GET https://serviceusage.googleapis.com/v1/projects/fervo-1/services/eventarc.googleapis.com x-goog-quota-user=projects/fervo-1
[debug] [2023-06-24T00:44:02.845Z] >>> [apiv2][query] GET https://serviceusage.googleapis.com/v1/projects/fervo-1/services/pubsub.googleapis.com [none]
[debug] [2023-06-24T00:44:02.845Z] >>> [apiv2][(partial)header] GET https://serviceusage.googleapis.com/v1/projects/fervo-1/services/pubsub.googleapis.com x-goog-quota-user=projects/fervo-1
[debug] [2023-06-24T00:44:02.846Z] >>> [apiv2][query] GET https://serviceusage.googleapis.com/v1/projects/fervo-1/services/storage.googleapis.com [none]
[debug] [2023-06-24T00:44:02.846Z] >>> [apiv2][(partial)header] GET https://serviceusage.googleapis.com/v1/projects/fervo-1/services/storage.googleapis.com x-goog-quota-user=projects/fervo-1
[debug] [2023-06-24T00:44:03.129Z] <<< [apiv2][status] GET https://serviceusage.googleapis.com/v1/projects/fervo-1/services/eventarc.googleapis.com 200
[debug] [2023-06-24T00:44:03.130Z] <<< [apiv2][body] GET https://serviceusage.googleapis.com/v1/projects/fervo-1/services/eventarc.googleapis.com [omitted]
[info] ✔  functions: required API eventarc.googleapis.com is enabled 
[debug] [2023-06-24T00:44:03.147Z] <<< [apiv2][status] GET https://serviceusage.googleapis.com/v1/projects/fervo-1/services/pubsub.googleapis.com 200
[debug] [2023-06-24T00:44:03.147Z] <<< [apiv2][body] GET https://serviceusage.googleapis.com/v1/projects/fervo-1/services/pubsub.googleapis.com [omitted]
[info] ✔  functions: required API pubsub.googleapis.com is enabled 
[debug] [2023-06-24T00:44:03.149Z] <<< [apiv2][status] GET https://serviceusage.googleapis.com/v1/projects/fervo-1/services/run.googleapis.com 200
[debug] [2023-06-24T00:44:03.149Z] <<< [apiv2][body] GET https://serviceusage.googleapis.com/v1/projects/fervo-1/services/run.googleapis.com [omitted]
[info] ✔  functions: required API run.googleapis.com is enabled 
[debug] [2023-06-24T00:44:03.149Z] <<< [apiv2][status] GET https://serviceusage.googleapis.com/v1/projects/fervo-1/services/storage.googleapis.com 200
[debug] [2023-06-24T00:44:03.150Z] <<< [apiv2][body] GET https://serviceusage.googleapis.com/v1/projects/fervo-1/services/storage.googleapis.com [omitted]
[info] ✔  functions: required API storage.googleapis.com is enabled 
[info] i  functions: generating the service identity for pubsub.googleapis.com... 
[info] i  functions: generating the service identity for eventarc.googleapis.com... 
[debug] [2023-06-24T00:44:03.150Z] >>> [apiv2][query] POST https://serviceusage.googleapis.com/v1beta1/projects/339175420075/services/pubsub.googleapis.com:generateServiceIdentity [none]
[debug] [2023-06-24T00:44:03.152Z] >>> [apiv2][query] POST https://serviceusage.googleapis.com/v1beta1/projects/339175420075/services/eventarc.googleapis.com:generateServiceIdentity [none]
[debug] [2023-06-24T00:44:03.542Z] <<< [apiv2][status] POST https://serviceusage.googleapis.com/v1beta1/projects/339175420075/services/pubsub.googleapis.com:generateServiceIdentity 200
[debug] [2023-06-24T00:44:03.542Z] <<< [apiv2][body] POST https://serviceusage.googleapis.com/v1beta1/projects/339175420075/services/pubsub.googleapis.com:generateServiceIdentity {"name":"operations/finished.DONE_OPERATION","done":true,"response":{"@type":"type.googleapis.com/google.api.serviceusage.v1beta1.ServiceIdentity","email":"service-339175420075@gcp-sa-pubsub.iam.gserviceaccount.com","uniqueId":"110727265578374917803"}}
[debug] [2023-06-24T00:44:03.604Z] <<< [apiv2][status] POST https://serviceusage.googleapis.com/v1beta1/projects/339175420075/services/eventarc.googleapis.com:generateServiceIdentity 200
[debug] [2023-06-24T00:44:03.604Z] <<< [apiv2][body] POST https://serviceusage.googleapis.com/v1beta1/projects/339175420075/services/eventarc.googleapis.com:generateServiceIdentity {"name":"operations/finished.DONE_OPERATION","done":true,"response":{"@type":"type.googleapis.com/google.api.serviceusage.v1beta1.ServiceIdentity","email":"service-339175420075@gcp-sa-eventarc.iam.gserviceaccount.com","uniqueId":"100971766374605009414"}}
[debug] [2023-06-24T00:44:03.608Z] >>> [apiv2][query] GET https://firebase.googleapis.com/v1beta1/projects/fervo-1 [none]
[debug] [2023-06-24T00:44:03.773Z] <<< [apiv2][status] GET https://firebase.googleapis.com/v1beta1/projects/fervo-1 200
[debug] [2023-06-24T00:44:03.773Z] <<< [apiv2][body] GET https://firebase.googleapis.com/v1beta1/projects/fervo-1 {"projectId":"fervo-1","projectNumber":"339175420075","displayName":"fervo","name":"projects/fervo-1","resources":{"hostingSite":"fervo-1","storageBucket":"fervo-1.appspot.com","locationId":"us-central"},"state":"ACTIVE","etag":"1_27b40028-ecfc-47d9-b203-f0eb5a25a81f"}
[debug] [2023-06-24T00:44:03.776Z] >>> [apiv2][query] POST https://cloudfunctions.googleapis.com/v2/projects/fervo-1/locations/us-central1/functions:generateUploadUrl [none]
[debug] [2023-06-24T00:44:03.963Z] <<< [apiv2][status] POST https://cloudfunctions.googleapis.com/v2/projects/fervo-1/locations/us-central1/functions:generateUploadUrl 200
[debug] [2023-06-24T00:44:03.963Z] <<< [apiv2][body] POST https://cloudfunctions.googleapis.com/v2/projects/fervo-1/locations/us-central1/functions:generateUploadUrl {"uploadUrl":"https://storage.googleapis.com/gcf-v2-uploads-339175420075-us-central1/7672b0cb-ddec-4837-904c-f34034db438a.zip?GoogleAccessId=service-339175420075@gcf-admin-robot.iam.gserviceaccount.com&Expires=1687569244&Signature=UabTjPdTRLVMPHnQrXN26weS0PYr2Pl7cfkss6iozhP1QidBmWwaWXBZZQ3mpGzX7qSaq%2FTApOlRVmiHKB%2FYbD8KNZxjZwZVj7%2BGz1UHQB8Lnv%2FWJy%2B%2F2%2Bu%2Bm34ejkTDAnodSRmsCcnXucEj0FDMXeaHC863LdjMiP0jILJFHIXIwu7SfwyZaAULVV6y%2B7t1mUTJzcD5XsW6ZmtETMBM7DjJ2iIrpB5zO9K%2FbEfwunlvYJqKlvfFFjohhPweaqOFL9iDfEJiWK8xlq81OyvhOTSH4j3o9bKmctPBE3K5%2Fiqpjff5X9pVug%2FBM1ek1xwaNNtdpUdvJ1pMnPlemWntCg%3D%3D","storageSource":{"bucket":"gcf-v2-uploads-339175420075-us-central1","object":"7672b0cb-ddec-4837-904c-f34034db438a.zip"}}
[debug] [2023-06-24T00:44:03.965Z] >>> [apiv2][query] PUT https://storage.googleapis.com/gcf-v2-uploads-339175420075-us-central1/7672b0cb-ddec-4837-904c-f34034db438a.zip GoogleAccessId=service-339175420075%40gcf-admin-robot.iam.gserviceaccount.com&Expires=1687569244&Signature=UabTjPdTRLVMPHnQrXN26weS0PYr2Pl7cfkss6iozhP1QidBmWwaWXBZZQ3mpGzX7qSaq%2FTApOlRVmiHKB%2FYbD8KNZxjZwZVj7%2BGz1UHQB8Lnv%2FWJy%2B%2F2%2Bu%2Bm34ejkTDAnodSRmsCcnXucEj0FDMXeaHC863LdjMiP0jILJFHIXIwu7SfwyZaAULVV6y%2B7t1mUTJzcD5XsW6ZmtETMBM7DjJ2iIrpB5zO9K%2FbEfwunlvYJqKlvfFFjohhPweaqOFL9iDfEJiWK8xlq81OyvhOTSH4j3o9bKmctPBE3K5%2Fiqpjff5X9pVug%2FBM1ek1xwaNNtdpUdvJ1pMnPlemWntCg%3D%3D
[debug] [2023-06-24T00:44:03.965Z] >>> [apiv2][body] PUT https://storage.googleapis.com/gcf-v2-uploads-339175420075-us-central1/7672b0cb-ddec-4837-904c-f34034db438a.zip [stream]
[debug] [2023-06-24T00:44:04.347Z] <<< [apiv2][status] PUT https://storage.googleapis.com/gcf-v2-uploads-339175420075-us-central1/7672b0cb-ddec-4837-904c-f34034db438a.zip 200
[debug] [2023-06-24T00:44:04.347Z] <<< [apiv2][body] PUT https://storage.googleapis.com/gcf-v2-uploads-339175420075-us-central1/7672b0cb-ddec-4837-904c-f34034db438a.zip [omitted]
[info] ✔  functions: functions folder uploaded successfully 
[info] i  functions: updating Node.js 18 (2nd Gen) function runDailyUpdate(us-central1)... 
[debug] [2023-06-24T00:44:04.354Z] >>> [apiv2][query] PATCH https://cloudfunctions.googleapis.com/v2/projects/fervo-1/locations/us-central1/functions/runDailyUpdate updateMask=name%2CbuildConfig.runtime%2CbuildConfig.entryPoint%2CbuildConfig.source.storageSource.bucket%2CbuildConfig.source.storageSource.object%2CbuildConfig.environmentVariables%2CserviceConfig.environmentVariables%2CserviceConfig.ingressSettings%2CserviceConfig.timeoutSeconds%2CserviceConfig.serviceAccountEmail%2CserviceConfig.availableMemory%2CserviceConfig.minInstanceCount%2CserviceConfig.maxInstanceCount%2CserviceConfig.maxInstanceRequestConcurrency%2CserviceConfig.availableCpu%2CserviceConfig.vpcConnector%2CserviceConfig.vpcConnectorEgressSettings%2Clabels%2CbuildConfig.buildEnvironmentVariables
[debug] [2023-06-24T00:44:04.354Z] >>> [apiv2][body] PATCH https://cloudfunctions.googleapis.com/v2/projects/fervo-1/locations/us-central1/functions/runDailyUpdate {"name":"projects/fervo-1/locations/us-central1/functions/runDailyUpdate","buildConfig":{"runtime":"nodejs18","entryPoint":"runDailyUpdate","source":{"storageSource":{"bucket":"gcf-v2-uploads-339175420075-us-central1","object":"7672b0cb-ddec-4837-904c-f34034db438a.zip"}},"environmentVariables":{"GOOGLE_NODE_RUN_SCRIPTS":""}},"serviceConfig":{"environmentVariables":{"FIREBASE_CONFIG":"{\"projectId\":\"fervo-1\",\"storageBucket\":\"fervo-1.appspot.com\",\"locationId\":\"us-central\"}","GCLOUD_PROJECT":"fervo-1","EVENTARC_CLOUD_EVENT_SOURCE":"projects/fervo-1/locations/us-central1/services/runDailyUpdate"},"ingressSettings":null,"timeoutSeconds":null,"serviceAccountEmail":null,"availableMemory":"256Mi","minInstanceCount":null,"maxInstanceCount":null,"maxInstanceRequestConcurrency":80,"availableCpu":"1","vpcConnector":null,"vpcConnectorEgressSettings":null},"labels":{"deployment-tool":"cli-firebase","firebase-functions-hash":"2c80319e198ccdfbaec71a6c670ac8b888d35100"}}
[debug] [2023-06-24T00:44:05.309Z] <<< [apiv2][status] PATCH https://cloudfunctions.googleapis.com/v2/projects/fervo-1/locations/us-central1/functions/runDailyUpdate 200
[debug] [2023-06-24T00:44:05.309Z] <<< [apiv2][body] PATCH https://cloudfunctions.googleapis.com/v2/projects/fervo-1/locations/us-central1/functions/runDailyUpdate {"name":"projects/fervo-1/locations/us-central1/operations/operation-1687567444557-5fed56a113f71-c869fd47-e49fada1","metadata":{"@type":"type.googleapis.com/google.cloud.functions.v2.OperationMetadata","createTime":"2023-06-24T00:44:05.233976417Z","target":"projects/fervo-1/locations/us-central1/functions/runDailyUpdate","verb":"update","cancelRequested":false,"apiVersion":"v2"},"done":false}
[debug] [2023-06-24T00:44:05.310Z] >>> [apiv2][query] GET https://cloudfunctions.googleapis.com/v2/projects/fervo-1/locations/us-central1/operations/operation-1687567444557-5fed56a113f71-c869fd47-e49fada1 [none]
[debug] [2023-06-24T00:44:05.431Z] <<< [apiv2][status] GET https://cloudfunctions.googleapis.com/v2/projects/fervo-1/locations/us-central1/operations/operation-1687567444557-5fed56a113f71-c869fd47-e49fada1 200
[debug] [2023-06-24T00:44:05.432Z] <<< [apiv2][body] GET https://cloudfunctions.googleapis.com/v2/projects/fervo-1/locations/us-central1/operations/operation-1687567444557-5fed56a113f71-c869fd47-e49fada1 {"name":"projects/fervo-1/locations/us-central1/operations/operation-1687567444557-5fed56a113f71-c869fd47-e49fada1","metadata":{"@type":"type.googleapis.com/google.cloud.functions.v2.OperationMetadata","createTime":"2023-06-24T00:44:05.233976417Z","target":"projects/fervo-1/locations/us-central1/functions/runDailyUpdate","verb":"update","cancelRequested":false,"apiVersion":"v2","requestResource":{"@type":"type.googleapis.com/google.cloud.functions.v2.Function","name":"projects/fervo-1/locations/us-central1/functions/runDailyUpdate","buildConfig":{"runtime":"nodejs18","entryPoint":"runDailyUpdate","source":{"storageSource":{"bucket":"gcf-v2-sources-339175420075-us-central1","object":"runDailyUpdate/function-source.zip"}},"environmentVariables":{"GOOGLE_NODE_RUN_SCRIPTS":""},"sourceProvenance":{"resolvedStorageSource":{"bucket":"gcf-v2-sources-339175420075-us-central1","object":"runDailyUpdate/function-source.zip","generation":"1687454414487688"}}},"serviceConfig":{"service":"projects/fervo-1/locations/us-central1/services/rundailyupdate","timeoutSeconds":60,"environmentVariables":{"FIREBASE_CONFIG":"{\"projectId\":\"fervo-1\",\"storageBucket\":\"fervo-1.appspot.com\",\"locationId\":\"us-central\"}","GCLOUD_PROJECT":"fervo-1","EVENTARC_CLOUD_EVENT_SOURCE":"projects/fervo-1/locations/us-central1/services/runDailyUpdate"},"maxInstanceCount":100,"ingressSettings":"ALLOW_ALL","uri":"https://rundailyupdate-hablytbvxa-uc.a.run.app","serviceAccountEmail":"339175420075-compute@developer.gserviceaccount.com","availableMemory":"256Mi","allTrafficOnLatestRevision":true,"revision":"rundailyupdate-00007-qes","maxInstanceRequestConcurrency":80,"availableCpu":"1"},"state":"ACTIVE","labels":{"deployment-tool":"cli-firebase","firebase-functions-hash":"2c80319e198ccdfbaec71a6c670ac8b888d35100"},"environment":"GEN_2","url":"https://us-central1-fervo-1.cloudfunctions.net/runDailyUpdate"},"stages":[{"name":"BUILD","state":"NOT_STARTED"},{"name":"SERVICE","state":"NOT_STARTED"}]},"done":false}
[debug] [2023-06-24T00:44:05.934Z] [update-default-us-central1-runDailyUpdate] Retrying task index 0
[debug] [2023-06-24T00:44:05.935Z] >>> [apiv2][query] GET https://cloudfunctions.googleapis.com/v2/projects/fervo-1/locations/us-central1/operations/operation-1687567444557-5fed56a113f71-c869fd47-e49fada1 [none]
[debug] [2023-06-24T00:44:06.081Z] <<< [apiv2][status] GET https://cloudfunctions.googleapis.com/v2/projects/fervo-1/locations/us-central1/operations/operation-1687567444557-5fed56a113f71-c869fd47-e49fada1 200
[debug] [2023-06-24T00:44:06.081Z] <<< [apiv2][body] GET https://cloudfunctions.googleapis.com/v2/projects/fervo-1/locations/us-central1/operations/operation-1687567444557-5fed56a113f71-c869fd47-e49fada1 {"name":"projects/fervo-1/locations/us-central1/operations/operation-1687567444557-5fed56a113f71-c869fd47-e49fada1","metadata":{"@type":"type.googleapis.com/google.cloud.functions.v2.OperationMetadata","createTime":"2023-06-24T00:44:05.233976417Z","target":"projects/fervo-1/locations/us-central1/functions/runDailyUpdate","verb":"update","cancelRequested":false,"apiVersion":"v2","requestResource":{"@type":"type.googleapis.com/google.cloud.functions.v2.Function","name":"projects/fervo-1/locations/us-central1/functions/runDailyUpdate","buildConfig":{"runtime":"nodejs18","entryPoint":"runDailyUpdate","source":{"storageSource":{"bucket":"gcf-v2-sources-339175420075-us-central1","object":"runDailyUpdate/function-source.zip"}},"environmentVariables":{"GOOGLE_NODE_RUN_SCRIPTS":""},"sourceProvenance":{"resolvedStorageSource":{"bucket":"gcf-v2-sources-339175420075-us-central1","object":"runDailyUpdate/function-source.zip","generation":"1687454414487688"}}},"serviceConfig":{"service":"projects/fervo-1/locations/us-central1/services/rundailyupdate","timeoutSeconds":60,"environmentVariables":{"FIREBASE_CONFIG":"{\"projectId\":\"fervo-1\",\"storageBucket\":\"fervo-1.appspot.com\",\"locationId\":\"us-central\"}","GCLOUD_PROJECT":"fervo-1","EVENTARC_CLOUD_EVENT_SOURCE":"projects/fervo-1/locations/us-central1/services/runDailyUpdate"},"maxInstanceCount":100,"ingressSettings":"ALLOW_ALL","uri":"https://rundailyupdate-hablytbvxa-uc.a.run.app","serviceAccountEmail":"339175420075-compute@developer.gserviceaccount.com","availableMemory":"256Mi","allTrafficOnLatestRevision":true,"revision":"rundailyupdate-00007-qes","maxInstanceRequestConcurrency":80,"availableCpu":"1"},"state":"ACTIVE","labels":{"deployment-tool":"cli-firebase","firebase-functions-hash":"2c80319e198ccdfbaec71a6c670ac8b888d35100"},"environment":"GEN_2","url":"https://us-central1-fervo-1.cloudfunctions.net/runDailyUpdate"},"stages":[{"name":"BUILD","state":"NOT_STARTED"},{"name":"SERVICE","state":"NOT_STARTED"}]},"done":false}
[debug] [2023-06-24T00:44:07.082Z] [update-default-us-central1-runDailyUpdate] Retrying task index 0
[debug] [2023-06-24T00:44:07.085Z] >>> [apiv2][query] GET https://cloudfunctions.googleapis.com/v2/projects/fervo-1/locations/us-central1/operations/operation-1687567444557-5fed56a113f71-c869fd47-e49fada1 [none]
[debug] [2023-06-24T00:44:07.213Z] <<< [apiv2][status] GET https://cloudfunctions.googleapis.com/v2/projects/fervo-1/locations/us-central1/operations/operation-1687567444557-5fed56a113f71-c869fd47-e49fada1 200
[debug] [2023-06-24T00:44:07.213Z] <<< [apiv2][body] GET https://cloudfunctions.googleapis.com/v2/projects/fervo-1/locations/us-central1/operations/operation-1687567444557-5fed56a113f71-c869fd47-e49fada1 {"name":"projects/fervo-1/locations/us-central1/operations/operation-1687567444557-5fed56a113f71-c869fd47-e49fada1","metadata":{"@type":"type.googleapis.com/google.cloud.functions.v2.OperationMetadata","createTime":"2023-06-24T00:44:05.233976417Z","target":"projects/fervo-1/locations/us-central1/functions/runDailyUpdate","verb":"update","cancelRequested":false,"apiVersion":"v2","requestResource":{"@type":"type.googleapis.com/google.cloud.functions.v2.Function","name":"projects/fervo-1/locations/us-central1/functions/runDailyUpdate","buildConfig":{"runtime":"nodejs18","entryPoint":"runDailyUpdate","source":{"storageSource":{"bucket":"gcf-v2-sources-339175420075-us-central1","object":"runDailyUpdate/function-source.zip"}},"environmentVariables":{"GOOGLE_NODE_RUN_SCRIPTS":""},"sourceProvenance":{"resolvedStorageSource":{"bucket":"gcf-v2-sources-339175420075-us-central1","object":"runDailyUpdate/function-source.zip","generation":"1687454414487688"}}},"serviceConfig":{"service":"projects/fervo-1/locations/us-central1/services/rundailyupdate","timeoutSeconds":60,"environmentVariables":{"FIREBASE_CONFIG":"{\"projectId\":\"fervo-1\",\"storageBucket\":\"fervo-1.appspot.com\",\"locationId\":\"us-central\"}","GCLOUD_PROJECT":"fervo-1","EVENTARC_CLOUD_EVENT_SOURCE":"projects/fervo-1/locations/us-central1/services/runDailyUpdate"},"maxInstanceCount":100,"ingressSettings":"ALLOW_ALL","uri":"https://rundailyupdate-hablytbvxa-uc.a.run.app","serviceAccountEmail":"339175420075-compute@developer.gserviceaccount.com","availableMemory":"256Mi","allTrafficOnLatestRevision":true,"revision":"rundailyupdate-00007-qes","maxInstanceRequestConcurrency":80,"availableCpu":"1"},"state":"ACTIVE","labels":{"deployment-tool":"cli-firebase","firebase-functions-hash":"2c80319e198ccdfbaec71a6c670ac8b888d35100"},"environment":"GEN_2","url":"https://us-central1-fervo-1.cloudfunctions.net/runDailyUpdate"},"stages":[{"name":"BUILD","message":"Creating build","state":"IN_PROGRESS","resource":"projects/339175420075/locations/us-central1/builds/7c7ebae1-3fe6-425f-a3b1-3e42ff182be0","resourceUri":"https://console.cloud.google.com/cloud-build/builds;region=us-central1/7c7ebae1-3fe6-425f-a3b1-3e42ff182be0?project=339175420075"},{"name":"SERVICE","state":"NOT_STARTED"}]},"done":false}
[debug] [2023-06-24T00:44:09.215Z] [update-default-us-central1-runDailyUpdate] Retrying task index 0
[debug] [2023-06-24T00:44:09.216Z] >>> [apiv2][query] GET https://cloudfunctions.googleapis.com/v2/projects/fervo-1/locations/us-central1/operations/operation-1687567444557-5fed56a113f71-c869fd47-e49fada1 [none]
[debug] [2023-06-24T00:44:09.343Z] <<< [apiv2][status] GET https://cloudfunctions.googleapis.com/v2/projects/fervo-1/locations/us-central1/operations/operation-1687567444557-5fed56a113f71-c869fd47-e49fada1 200
[debug] [2023-06-24T00:44:09.343Z] <<< [apiv2][body] GET https://cloudfunctions.googleapis.com/v2/projects/fervo-1/locations/us-central1/operations/operation-1687567444557-5fed56a113f71-c869fd47-e49fada1 {"name":"projects/fervo-1/locations/us-central1/operations/operation-1687567444557-5fed56a113f71-c869fd47-e49fada1","metadata":{"@type":"type.googleapis.com/google.cloud.functions.v2.OperationMetadata","createTime":"2023-06-24T00:44:05.233976417Z","target":"projects/fervo-1/locations/us-central1/functions/runDailyUpdate","verb":"update","cancelRequested":false,"apiVersion":"v2","requestResource":{"@type":"type.googleapis.com/google.cloud.functions.v2.Function","name":"projects/fervo-1/locations/us-central1/functions/runDailyUpdate","buildConfig":{"runtime":"nodejs18","entryPoint":"runDailyUpdate","source":{"storageSource":{"bucket":"gcf-v2-sources-339175420075-us-central1","object":"runDailyUpdate/function-source.zip"}},"environmentVariables":{"GOOGLE_NODE_RUN_SCRIPTS":""},"sourceProvenance":{"resolvedStorageSource":{"bucket":"gcf-v2-sources-339175420075-us-central1","object":"runDailyUpdate/function-source.zip","generation":"1687454414487688"}}},"serviceConfig":{"service":"projects/fervo-1/locations/us-central1/services/rundailyupdate","timeoutSeconds":60,"environmentVariables":{"FIREBASE_CONFIG":"{\"projectId\":\"fervo-1\",\"storageBucket\":\"fervo-1.appspot.com\",\"locationId\":\"us-central\"}","GCLOUD_PROJECT":"fervo-1","EVENTARC_CLOUD_EVENT_SOURCE":"projects/fervo-1/locations/us-central1/services/runDailyUpdate"},"maxInstanceCount":100,"ingressSettings":"ALLOW_ALL","uri":"https://rundailyupdate-hablytbvxa-uc.a.run.app","serviceAccountEmail":"339175420075-compute@developer.gserviceaccount.com","availableMemory":"256Mi","allTrafficOnLatestRevision":true,"revision":"rundailyupdate-00007-qes","maxInstanceRequestConcurrency":80,"availableCpu":"1"},"state":"ACTIVE","labels":{"deployment-tool":"cli-firebase","firebase-functions-hash":"2c80319e198ccdfbaec71a6c670ac8b888d35100"},"environment":"GEN_2","url":"https://us-central1-fervo-1.cloudfunctions.net/runDailyUpdate"},"stages":[{"name":"BUILD","message":"Creating build","state":"IN_PROGRESS","resource":"projects/339175420075/locations/us-central1/builds/7c7ebae1-3fe6-425f-a3b1-3e42ff182be0","resourceUri":"https://console.cloud.google.com/cloud-build/builds;region=us-central1/7c7ebae1-3fe6-425f-a3b1-3e42ff182be0?project=339175420075"},{"name":"SERVICE","state":"NOT_STARTED"}]},"done":false}
[debug] [2023-06-24T00:44:13.345Z] [update-default-us-central1-runDailyUpdate] Retrying task index 0
[debug] [2023-06-24T00:44:13.346Z] >>> [apiv2][query] GET https://cloudfunctions.googleapis.com/v2/projects/fervo-1/locations/us-central1/operations/operation-1687567444557-5fed56a113f71-c869fd47-e49fada1 [none]
[debug] [2023-06-24T00:44:13.469Z] <<< [apiv2][status] GET https://cloudfunctions.googleapis.com/v2/projects/fervo-1/locations/us-central1/operations/operation-1687567444557-5fed56a113f71-c869fd47-e49fada1 200
[debug] [2023-06-24T00:44:13.469Z] <<< [apiv2][body] GET https://cloudfunctions.googleapis.com/v2/projects/fervo-1/locations/us-central1/operations/operation-1687567444557-5fed56a113f71-c869fd47-e49fada1 {"name":"projects/fervo-1/locations/us-central1/operations/operation-1687567444557-5fed56a113f71-c869fd47-e49fada1","metadata":{"@type":"type.googleapis.com/google.cloud.functions.v2.OperationMetadata","createTime":"2023-06-24T00:44:05.233976417Z","target":"projects/fervo-1/locations/us-central1/functions/runDailyUpdate","verb":"update","cancelRequested":false,"apiVersion":"v2","requestResource":{"@type":"type.googleapis.com/google.cloud.functions.v2.Function","name":"projects/fervo-1/locations/us-central1/functions/runDailyUpdate","buildConfig":{"runtime":"nodejs18","entryPoint":"runDailyUpdate","source":{"storageSource":{"bucket":"gcf-v2-sources-339175420075-us-central1","object":"runDailyUpdate/function-source.zip"}},"environmentVariables":{"GOOGLE_NODE_RUN_SCRIPTS":""},"sourceProvenance":{"resolvedStorageSource":{"bucket":"gcf-v2-sources-339175420075-us-central1","object":"runDailyUpdate/function-source.zip","generation":"1687454414487688"}}},"serviceConfig":{"service":"projects/fervo-1/locations/us-central1/services/rundailyupdate","timeoutSeconds":60,"environmentVariables":{"FIREBASE_CONFIG":"{\"projectId\":\"fervo-1\",\"storageBucket\":\"fervo-1.appspot.com\",\"locationId\":\"us-central\"}","GCLOUD_PROJECT":"fervo-1","EVENTARC_CLOUD_EVENT_SOURCE":"projects/fervo-1/locations/us-central1/services/runDailyUpdate"},"maxInstanceCount":100,"ingressSettings":"ALLOW_ALL","uri":"https://rundailyupdate-hablytbvxa-uc.a.run.app","serviceAccountEmail":"339175420075-compute@developer.gserviceaccount.com","availableMemory":"256Mi","allTrafficOnLatestRevision":true,"revision":"rundailyupdate-00007-qes","maxInstanceRequestConcurrency":80,"availableCpu":"1"},"state":"ACTIVE","labels":{"deployment-tool":"cli-firebase","firebase-functions-hash":"2c80319e198ccdfbaec71a6c670ac8b888d35100"},"environment":"GEN_2","url":"https://us-central1-fervo-1.cloudfunctions.net/runDailyUpdate"},"stages":[{"name":"BUILD","message":"Creating build","state":"IN_PROGRESS","resource":"projects/339175420075/locations/us-central1/builds/7c7ebae1-3fe6-425f-a3b1-3e42ff182be0","resourceUri":"https://console.cloud.google.com/cloud-build/builds;region=us-central1/7c7ebae1-3fe6-425f-a3b1-3e42ff182be0?project=339175420075"},{"name":"SERVICE","state":"NOT_STARTED"}]},"done":false}
[debug] [2023-06-24T00:44:21.471Z] [update-default-us-central1-runDailyUpdate] Retrying task index 0
[debug] [2023-06-24T00:44:21.472Z] >>> [apiv2][query] GET https://cloudfunctions.googleapis.com/v2/projects/fervo-1/locations/us-central1/operations/operation-1687567444557-5fed56a113f71-c869fd47-e49fada1 [none]
[debug] [2023-06-24T00:44:21.598Z] <<< [apiv2][status] GET https://cloudfunctions.googleapis.com/v2/projects/fervo-1/locations/us-central1/operations/operation-1687567444557-5fed56a113f71-c869fd47-e49fada1 200
[debug] [2023-06-24T00:44:21.598Z] <<< [apiv2][body] GET https://cloudfunctions.googleapis.com/v2/projects/fervo-1/locations/us-central1/operations/operation-1687567444557-5fed56a113f71-c869fd47-e49fada1 {"name":"projects/fervo-1/locations/us-central1/operations/operation-1687567444557-5fed56a113f71-c869fd47-e49fada1","metadata":{"@type":"type.googleapis.com/google.cloud.functions.v2.OperationMetadata","createTime":"2023-06-24T00:44:05.233976417Z","target":"projects/fervo-1/locations/us-central1/functions/runDailyUpdate","verb":"update","cancelRequested":false,"apiVersion":"v2","requestResource":{"@type":"type.googleapis.com/google.cloud.functions.v2.Function","name":"projects/fervo-1/locations/us-central1/functions/runDailyUpdate","buildConfig":{"runtime":"nodejs18","entryPoint":"runDailyUpdate","source":{"storageSource":{"bucket":"gcf-v2-sources-339175420075-us-central1","object":"runDailyUpdate/function-source.zip"}},"environmentVariables":{"GOOGLE_NODE_RUN_SCRIPTS":""},"sourceProvenance":{"resolvedStorageSource":{"bucket":"gcf-v2-sources-339175420075-us-central1","object":"runDailyUpdate/function-source.zip","generation":"1687454414487688"}}},"serviceConfig":{"service":"projects/fervo-1/locations/us-central1/services/rundailyupdate","timeoutSeconds":60,"environmentVariables":{"FIREBASE_CONFIG":"{\"projectId\":\"fervo-1\",\"storageBucket\":\"fervo-1.appspot.com\",\"locationId\":\"us-central\"}","GCLOUD_PROJECT":"fervo-1","EVENTARC_CLOUD_EVENT_SOURCE":"projects/fervo-1/locations/us-central1/services/runDailyUpdate"},"maxInstanceCount":100,"ingressSettings":"ALLOW_ALL","uri":"https://rundailyupdate-hablytbvxa-uc.a.run.app","serviceAccountEmail":"339175420075-compute@developer.gserviceaccount.com","availableMemory":"256Mi","allTrafficOnLatestRevision":true,"revision":"rundailyupdate-00007-qes","maxInstanceRequestConcurrency":80,"availableCpu":"1"},"state":"ACTIVE","labels":{"deployment-tool":"cli-firebase","firebase-functions-hash":"2c80319e198ccdfbaec71a6c670ac8b888d35100"},"environment":"GEN_2","url":"https://us-central1-fervo-1.cloudfunctions.net/runDailyUpdate"},"stages":[{"name":"BUILD","message":"Creating build","state":"IN_PROGRESS","resource":"projects/339175420075/locations/us-central1/builds/7c7ebae1-3fe6-425f-a3b1-3e42ff182be0","resourceUri":"https://console.cloud.google.com/cloud-build/builds;region=us-central1/7c7ebae1-3fe6-425f-a3b1-3e42ff182be0?project=339175420075"},{"name":"SERVICE","state":"NOT_STARTED"}]},"done":false}
[debug] [2023-06-24T00:44:31.600Z] [update-default-us-central1-runDailyUpdate] Retrying task index 0
[debug] [2023-06-24T00:44:31.601Z] >>> [apiv2][query] GET https://cloudfunctions.googleapis.com/v2/projects/fervo-1/locations/us-central1/operations/operation-1687567444557-5fed56a113f71-c869fd47-e49fada1 [none]
[debug] [2023-06-24T00:44:31.730Z] <<< [apiv2][status] GET https://cloudfunctions.googleapis.com/v2/projects/fervo-1/locations/us-central1/operations/operation-1687567444557-5fed56a113f71-c869fd47-e49fada1 200
[debug] [2023-06-24T00:44:31.731Z] <<< [apiv2][body] GET https://cloudfunctions.googleapis.com/v2/projects/fervo-1/locations/us-central1/operations/operation-1687567444557-5fed56a113f71-c869fd47-e49fada1 {"name":"projects/fervo-1/locations/us-central1/operations/operation-1687567444557-5fed56a113f71-c869fd47-e49fada1","metadata":{"@type":"type.googleapis.com/google.cloud.functions.v2.OperationMetadata","createTime":"2023-06-24T00:44:05.233976417Z","target":"projects/fervo-1/locations/us-central1/functions/runDailyUpdate","verb":"update","cancelRequested":false,"apiVersion":"v2","requestResource":{"@type":"type.googleapis.com/google.cloud.functions.v2.Function","name":"projects/fervo-1/locations/us-central1/functions/runDailyUpdate","buildConfig":{"runtime":"nodejs18","entryPoint":"runDailyUpdate","source":{"storageSource":{"bucket":"gcf-v2-sources-339175420075-us-central1","object":"runDailyUpdate/function-source.zip"}},"environmentVariables":{"GOOGLE_NODE_RUN_SCRIPTS":""},"sourceProvenance":{"resolvedStorageSource":{"bucket":"gcf-v2-sources-339175420075-us-central1","object":"runDailyUpdate/function-source.zip","generation":"1687454414487688"}}},"serviceConfig":{"service":"projects/fervo-1/locations/us-central1/services/rundailyupdate","timeoutSeconds":60,"environmentVariables":{"FIREBASE_CONFIG":"{\"projectId\":\"fervo-1\",\"storageBucket\":\"fervo-1.appspot.com\",\"locationId\":\"us-central\"}","GCLOUD_PROJECT":"fervo-1","EVENTARC_CLOUD_EVENT_SOURCE":"projects/fervo-1/locations/us-central1/services/runDailyUpdate"},"maxInstanceCount":100,"ingressSettings":"ALLOW_ALL","uri":"https://rundailyupdate-hablytbvxa-uc.a.run.app","serviceAccountEmail":"339175420075-compute@developer.gserviceaccount.com","availableMemory":"256Mi","allTrafficOnLatestRevision":true,"revision":"rundailyupdate-00007-qes","maxInstanceRequestConcurrency":80,"availableCpu":"1"},"state":"ACTIVE","labels":{"deployment-tool":"cli-firebase","firebase-functions-hash":"2c80319e198ccdfbaec71a6c670ac8b888d35100"},"environment":"GEN_2","url":"https://us-central1-fervo-1.cloudfunctions.net/runDailyUpdate"},"stages":[{"name":"BUILD","message":"Creating build","state":"IN_PROGRESS","resource":"projects/339175420075/locations/us-central1/builds/7c7ebae1-3fe6-425f-a3b1-3e42ff182be0","resourceUri":"https://console.cloud.google.com/cloud-build/builds;region=us-central1/7c7ebae1-3fe6-425f-a3b1-3e42ff182be0?project=339175420075"},{"name":"SERVICE","state":"NOT_STARTED"}]},"done":false}
[debug] [2023-06-24T00:44:41.733Z] [update-default-us-central1-runDailyUpdate] Retrying task index 0
[debug] [2023-06-24T00:44:41.734Z] >>> [apiv2][query] GET https://cloudfunctions.googleapis.com/v2/projects/fervo-1/locations/us-central1/operations/operation-1687567444557-5fed56a113f71-c869fd47-e49fada1 [none]
[debug] [2023-06-24T00:44:41.871Z] <<< [apiv2][status] GET https://cloudfunctions.googleapis.com/v2/projects/fervo-1/locations/us-central1/operations/operation-1687567444557-5fed56a113f71-c869fd47-e49fada1 200
[debug] [2023-06-24T00:44:41.871Z] <<< [apiv2][body] GET https://cloudfunctions.googleapis.com/v2/projects/fervo-1/locations/us-central1/operations/operation-1687567444557-5fed56a113f71-c869fd47-e49fada1 {"name":"projects/fervo-1/locations/us-central1/operations/operation-1687567444557-5fed56a113f71-c869fd47-e49fada1","metadata":{"@type":"type.googleapis.com/google.cloud.functions.v2.OperationMetadata","createTime":"2023-06-24T00:44:05.233976417Z","target":"projects/fervo-1/locations/us-central1/functions/runDailyUpdate","verb":"update","cancelRequested":false,"apiVersion":"v2","requestResource":{"@type":"type.googleapis.com/google.cloud.functions.v2.Function","name":"projects/fervo-1/locations/us-central1/functions/runDailyUpdate","buildConfig":{"runtime":"nodejs18","entryPoint":"runDailyUpdate","source":{"storageSource":{"bucket":"gcf-v2-sources-339175420075-us-central1","object":"runDailyUpdate/function-source.zip"}},"environmentVariables":{"GOOGLE_NODE_RUN_SCRIPTS":""},"sourceProvenance":{"resolvedStorageSource":{"bucket":"gcf-v2-sources-339175420075-us-central1","object":"runDailyUpdate/function-source.zip","generation":"1687454414487688"}}},"serviceConfig":{"service":"projects/fervo-1/locations/us-central1/services/rundailyupdate","timeoutSeconds":60,"environmentVariables":{"FIREBASE_CONFIG":"{\"projectId\":\"fervo-1\",\"storageBucket\":\"fervo-1.appspot.com\",\"locationId\":\"us-central\"}","GCLOUD_PROJECT":"fervo-1","EVENTARC_CLOUD_EVENT_SOURCE":"projects/fervo-1/locations/us-central1/services/runDailyUpdate"},"maxInstanceCount":100,"ingressSettings":"ALLOW_ALL","uri":"https://rundailyupdate-hablytbvxa-uc.a.run.app","serviceAccountEmail":"339175420075-compute@developer.gserviceaccount.com","availableMemory":"256Mi","allTrafficOnLatestRevision":true,"revision":"rundailyupdate-00007-qes","maxInstanceRequestConcurrency":80,"availableCpu":"1"},"state":"ACTIVE","labels":{"deployment-tool":"cli-firebase","firebase-functions-hash":"2c80319e198ccdfbaec71a6c670ac8b888d35100"},"environment":"GEN_2","url":"https://us-central1-fervo-1.cloudfunctions.net/runDailyUpdate"},"stages":[{"name":"BUILD","message":"Creating build","state":"IN_PROGRESS","resource":"projects/339175420075/locations/us-central1/builds/7c7ebae1-3fe6-425f-a3b1-3e42ff182be0","resourceUri":"https://console.cloud.google.com/cloud-build/builds;region=us-central1/7c7ebae1-3fe6-425f-a3b1-3e42ff182be0?project=339175420075"},{"name":"SERVICE","state":"NOT_STARTED"}]},"done":false}
[debug] [2023-06-24T00:44:51.872Z] [update-default-us-central1-runDailyUpdate] Retrying task index 0
[debug] [2023-06-24T00:44:51.873Z] >>> [apiv2][query] GET https://cloudfunctions.googleapis.com/v2/projects/fervo-1/locations/us-central1/operations/operation-1687567444557-5fed56a113f71-c869fd47-e49fada1 [none]
[debug] [2023-06-24T00:44:51.985Z] <<< [apiv2][status] GET https://cloudfunctions.googleapis.com/v2/projects/fervo-1/locations/us-central1/operations/operation-1687567444557-5fed56a113f71-c869fd47-e49fada1 200
[debug] [2023-06-24T00:44:51.985Z] <<< [apiv2][body] GET https://cloudfunctions.googleapis.com/v2/projects/fervo-1/locations/us-central1/operations/operation-1687567444557-5fed56a113f71-c869fd47-e49fada1 {"name":"projects/fervo-1/locations/us-central1/operations/operation-1687567444557-5fed56a113f71-c869fd47-e49fada1","metadata":{"@type":"type.googleapis.com/google.cloud.functions.v2.OperationMetadata","createTime":"2023-06-24T00:44:05.233976417Z","target":"projects/fervo-1/locations/us-central1/functions/runDailyUpdate","verb":"update","cancelRequested":false,"apiVersion":"v2","requestResource":{"@type":"type.googleapis.com/google.cloud.functions.v2.Function","name":"projects/fervo-1/locations/us-central1/functions/runDailyUpdate","buildConfig":{"runtime":"nodejs18","entryPoint":"runDailyUpdate","source":{"storageSource":{"bucket":"gcf-v2-sources-339175420075-us-central1","object":"runDailyUpdate/function-source.zip"}},"environmentVariables":{"GOOGLE_NODE_RUN_SCRIPTS":""},"sourceProvenance":{"resolvedStorageSource":{"bucket":"gcf-v2-sources-339175420075-us-central1","object":"runDailyUpdate/function-source.zip","generation":"1687454414487688"}}},"serviceConfig":{"service":"projects/fervo-1/locations/us-central1/services/rundailyupdate","timeoutSeconds":60,"environmentVariables":{"FIREBASE_CONFIG":"{\"projectId\":\"fervo-1\",\"storageBucket\":\"fervo-1.appspot.com\",\"locationId\":\"us-central\"}","GCLOUD_PROJECT":"fervo-1","EVENTARC_CLOUD_EVENT_SOURCE":"projects/fervo-1/locations/us-central1/services/runDailyUpdate"},"maxInstanceCount":100,"ingressSettings":"ALLOW_ALL","uri":"https://rundailyupdate-hablytbvxa-uc.a.run.app","serviceAccountEmail":"339175420075-compute@developer.gserviceaccount.com","availableMemory":"256Mi","allTrafficOnLatestRevision":true,"revision":"rundailyupdate-00007-qes","maxInstanceRequestConcurrency":80,"availableCpu":"1"},"state":"ACTIVE","labels":{"deployment-tool":"cli-firebase","firebase-functions-hash":"2c80319e198ccdfbaec71a6c670ac8b888d35100"},"environment":"GEN_2","url":"https://us-central1-fervo-1.cloudfunctions.net/runDailyUpdate"},"stages":[{"name":"BUILD","message":"Creating build","state":"COMPLETE","resource":"projects/339175420075/locations/us-central1/builds/7c7ebae1-3fe6-425f-a3b1-3e42ff182be0","resourceUri":"https://console.cloud.google.com/cloud-build/builds;region=us-central1/7c7ebae1-3fe6-425f-a3b1-3e42ff182be0?project=339175420075"},{"name":"SERVICE","message":"Updating Cloud Run service","state":"IN_PROGRESS","resource":"projects/fervo-1/locations/us-central1/services/rundailyupdate","resourceUri":"https://console.cloud.google.com/run/detail/us-central1/rundailyupdate?project=fervo-1","stateMessages":[{"severity":"INFO","type":"CloudRunServiceNewRevisionTrafficInfo","message":"A new revision will be deployed serving with 100% traffic."}]}]},"done":false}
[debug] [2023-06-24T00:45:01.987Z] [update-default-us-central1-runDailyUpdate] Retrying task index 0
[debug] [2023-06-24T00:45:01.988Z] >>> [apiv2][query] GET https://cloudfunctions.googleapis.com/v2/projects/fervo-1/locations/us-central1/operations/operation-1687567444557-5fed56a113f71-c869fd47-e49fada1 [none]
[debug] [2023-06-24T00:45:02.118Z] <<< [apiv2][status] GET https://cloudfunctions.googleapis.com/v2/projects/fervo-1/locations/us-central1/operations/operation-1687567444557-5fed56a113f71-c869fd47-e49fada1 200
[debug] [2023-06-24T00:45:02.118Z] <<< [apiv2][body] GET https://cloudfunctions.googleapis.com/v2/projects/fervo-1/locations/us-central1/operations/operation-1687567444557-5fed56a113f71-c869fd47-e49fada1 {"name":"projects/fervo-1/locations/us-central1/operations/operation-1687567444557-5fed56a113f71-c869fd47-e49fada1","metadata":{"@type":"type.googleapis.com/google.cloud.functions.v2.OperationMetadata","createTime":"2023-06-24T00:44:05.233976417Z","endTime":"2023-06-24T00:44:58.233578456Z","target":"projects/fervo-1/locations/us-central1/functions/runDailyUpdate","verb":"update","cancelRequested":false,"apiVersion":"v2","requestResource":{"@type":"type.googleapis.com/google.cloud.functions.v2.Function","name":"projects/fervo-1/locations/us-central1/functions/runDailyUpdate","buildConfig":{"runtime":"nodejs18","entryPoint":"runDailyUpdate","source":{"storageSource":{"bucket":"gcf-v2-sources-339175420075-us-central1","object":"runDailyUpdate/function-source.zip"}},"environmentVariables":{"GOOGLE_NODE_RUN_SCRIPTS":""},"sourceProvenance":{"resolvedStorageSource":{"bucket":"gcf-v2-sources-339175420075-us-central1","object":"runDailyUpdate/function-source.zip","generation":"1687454414487688"}}},"serviceConfig":{"service":"projects/fervo-1/locations/us-central1/services/rundailyupdate","timeoutSeconds":60,"environmentVariables":{"FIREBASE_CONFIG":"{\"projectId\":\"fervo-1\",\"storageBucket\":\"fervo-1.appspot.com\",\"locationId\":\"us-central\"}","GCLOUD_PROJECT":"fervo-1","EVENTARC_CLOUD_EVENT_SOURCE":"projects/fervo-1/locations/us-central1/services/runDailyUpdate"},"maxInstanceCount":100,"ingressSettings":"ALLOW_ALL","uri":"https://rundailyupdate-hablytbvxa-uc.a.run.app","serviceAccountEmail":"339175420075-compute@developer.gserviceaccount.com","availableMemory":"256Mi","allTrafficOnLatestRevision":true,"revision":"rundailyupdate-00007-qes","maxInstanceRequestConcurrency":80,"availableCpu":"1"},"state":"ACTIVE","labels":{"deployment-tool":"cli-firebase","firebase-functions-hash":"2c80319e198ccdfbaec71a6c670ac8b888d35100"},"environment":"GEN_2","url":"https://us-central1-fervo-1.cloudfunctions.net/runDailyUpdate"},"stages":[{"name":"SERVICE","state":"NOT_STARTED"}]},"done":true,"error":{"code":3,"message":"Could not create or update Cloud Run service rundailyupdate, Container Healthcheck failed. Revision 'rundailyupdate-00008-lak' is not ready and cannot serve traffic. The user-provided container failed to start and listen on the port defined provided by the PORT=8080 environment variable. Logs for this revision might contain more information.\n\nLogs URL: https://console.cloud.google.com/logs/viewer?project=fervo-1&resource=cloud_run_revision/service_name/rundailyupdate/revision_name/rundailyupdate-00008-lak&advancedFilter=resource.type%3D%22cloud_run_revision%22%0Aresource.labels.service_name%3D%22rundailyupdate%22%0Aresource.labels.revision_name%3D%22rundailyupdate-00008-lak%22 \nFor more troubleshooting guidance, see https://cloud.google.com/run/docs/troubleshooting#container-failed-to-start"}}
[error] Could not create or update Cloud Run service rundailyupdate, Container Healthcheck failed. Revision 'rundailyupdate-00008-lak' is not ready and cannot serve traffic. The user-provided container failed to start and listen on the port defined provided by the PORT=8080 environment variable. Logs for this revision might contain more information.

Logs URL: https://console.cloud.google.com/logs/viewer?project=fervo-1&resource=cloud_run_revision/service_name/rundailyupdate/revision_name/rundailyupdate-00008-lak&advancedFilter=resource.type%3D%22cloud_run_revision%22%0Aresource.labels.service_name%3D%22rundailyupdate%22%0Aresource.labels.revision_name%3D%22rundailyupdate-00008-lak%22 
For more troubleshooting guidance, see https://cloud.google.com/run/docs/troubleshooting#container-failed-to-start
[debug] [2023-06-24T00:45:02.122Z] Total Function Deployment time: 57770
[debug] [2023-06-24T00:45:02.122Z] 1 Functions Deployed
[debug] [2023-06-24T00:45:02.122Z] 1 Functions Errored
[debug] [2023-06-24T00:45:02.124Z] 0 Function Deployments Aborted
[debug] [2023-06-24T00:45:02.124Z] Average Function Deployment time: 57769
[info] 
[info] Functions deploy had errors with the following functions:
	runDailyUpdate(us-central1)
[debug] [2023-06-24T00:45:02.125Z] Not printing URL for HTTPS function. Typically this means it didn't match a filter or we failed deployment
[info] i  functions: cleaning up build files... 
[debug] [2023-06-24T00:45:02.126Z] >>> [apiv2][query] DELETE https://artifactregistry.googleapis.com/v1beta2/projects/fervo-1/locations/us-central1/repositories/gcf-artifacts/packages/run_daily_update [none]
[debug] [2023-06-24T00:45:02.127Z] >>> [apiv2][query] GET https://us.gcr.io/v2/fervo-1/gcf/us-central1/tags/list [none]
[debug] [2023-06-24T00:45:02.322Z] <<< [apiv2][status] GET https://us.gcr.io/v2/fervo-1/gcf/us-central1/tags/list 200
[debug] [2023-06-24T00:45:02.323Z] <<< [apiv2][body] GET https://us.gcr.io/v2/fervo-1/gcf/us-central1/tags/list {"child":[],"manifest":{},"name":"fervo-1/gcf/us-central1","tags":[]}
[debug] [2023-06-24T00:45:02.323Z] Could not find image for function projects/fervo-1/locations/us-central1/functions/runDailyUpdate
[debug] [2023-06-24T00:45:02.330Z] <<< [apiv2][status] DELETE https://artifactregistry.googleapis.com/v1beta2/projects/fervo-1/locations/us-central1/repositories/gcf-artifacts/packages/run_daily_update 200
[debug] [2023-06-24T00:45:02.330Z] <<< [apiv2][body] DELETE https://artifactregistry.googleapis.com/v1beta2/projects/fervo-1/locations/us-central1/repositories/gcf-artifacts/packages/run_daily_update {"name":"projects/fervo-1/locations/us-central1/operations/8ab41bdd-50ef-4bd8-a9a7-93332131fc0e","metadata":{"@type":"type.googleapis.com/google.devtools.artifactregistry.v1beta2.OperationMetadata"}}
[debug] [2023-06-24T00:45:02.331Z] >>> [apiv2][query] GET https://artifactregistry.googleapis.com/v1beta2/projects/fervo-1/locations/us-central1/operations/8ab41bdd-50ef-4bd8-a9a7-93332131fc0e [none]
[debug] [2023-06-24T00:45:02.506Z] <<< [apiv2][status] GET https://artifactregistry.googleapis.com/v1beta2/projects/fervo-1/locations/us-central1/operations/8ab41bdd-50ef-4bd8-a9a7-93332131fc0e 200
[debug] [2023-06-24T00:45:02.506Z] <<< [apiv2][body] GET https://artifactregistry.googleapis.com/v1beta2/projects/fervo-1/locations/us-central1/operations/8ab41bdd-50ef-4bd8-a9a7-93332131fc0e {"name":"projects/fervo-1/locations/us-central1/operations/8ab41bdd-50ef-4bd8-a9a7-93332131fc0e","metadata":{"@type":"type.googleapis.com/google.devtools.artifactregistry.v1beta2.OperationMetadata"},"done":true,"response":{"@type":"type.googleapis.com/google.protobuf.Empty"}}
[debug] [2023-06-24T00:45:02.507Z] Functions deploy failed.
[debug] [2023-06-24T00:45:02.507Z] {
  "endpoint": {
    "id": "runDailyUpdate",
    "project": "fervo-1",
    "region": "us-central1",
    "entryPoint": "runDailyUpdate",
    "platform": "gcfv2",
    "runtime": "nodejs18",
    "httpsTrigger": {},
    "labels": {
      "deployment-tool": "cli-firebase"
    },
    "serviceAccount": null,
    "ingressSettings": null,
    "availableMemoryMb": null,
    "timeoutSeconds": null,
    "maxInstances": null,
    "minInstances": null,
    "concurrency": 80,
    "vpc": null,
    "environmentVariables": {
      "FIREBASE_CONFIG": "{\"projectId\":\"fervo-1\",\"storageBucket\":\"fervo-1.appspot.com\",\"locationId\":\"us-central\"}",
      "GCLOUD_PROJECT": "fervo-1",
      "EVENTARC_CLOUD_EVENT_SOURCE": "projects/fervo-1/locations/us-central1/services/runDailyUpdate"
    },
    "codebase": "default",
    "cpu": 1,
    "securityLevel": "SECURE_ALWAYS",
    "targetedByOnly": false,
    "hash": "2c80319e198ccdfbaec71a6c670ac8b888d35100"
  },
  "op": "update",
  "original": {
    "name": "FirebaseError",
    "children": [],
    "exit": 1,
    "message": "Could not create or update Cloud Run service rundailyupdate, Container Healthcheck failed. Revision 'rundailyupdate-00008-lak' is not ready and cannot serve traffic. The user-provided container failed to start and listen on the port defined provided by the PORT=8080 environment variable. Logs for this revision might contain more information.\n\nLogs URL: https://console.cloud.google.com/logs/viewer?project=fervo-1&resource=cloud_run_revision/service_name/rundailyupdate/revision_name/rundailyupdate-00008-lak&advancedFilter=resource.type%3D%22cloud_run_revision%22%0Aresource.labels.service_name%3D%22rundailyupdate%22%0Aresource.labels.revision_name%3D%22rundailyupdate-00008-lak%22 \nFor more troubleshooting guidance, see https://cloud.google.com/run/docs/troubleshooting#container-failed-to-start",
    "status": 3,
    "code": 3
  }
}
[debug] [2023-06-24T00:45:02.508Z] Error: Failed to update function runDailyUpdate in region us-central1
    at /usr/local/lib/node_modules/firebase-tools/lib/deploy/functions/release/fabricator.js:51:11
    at process.processTicksAndRejections (node:internal/process/task_queues:95:5)
    at async Fabricator.updateV2Function (/usr/local/lib/node_modules/firebase-tools/lib/deploy/functions/release/fabricator.js:380:32)
    at async Fabricator.updateEndpoint (/usr/local/lib/node_modules/firebase-tools/lib/deploy/functions/release/fabricator.js:153:13)
    at async handle (/usr/local/lib/node_modules/firebase-tools/lib/deploy/functions/release/fabricator.js:88:17)
[error] 
[error] Error: There was an error deploying functions
